2025-08-24T18:15:40.453Z - ERROR - ValidationError: User validation failed: companyDetails: Cast to string failed for value "{ name: 'JD Corp', type: 'SME', years: '5' }" (type Object) at path "companyDetails"
    at Document.invalidate (/Users/macbookpro/Desktop/Baysawar/backend-bay-sa-waar/node_modules/mongoose/lib/document.js:3358:32)
    at model.$set (/Users/macbookpro/Desktop/Baysawar/backend-bay-sa-waar/node_modules/mongoose/lib/document.js:1480:12)
    at model.$set (/Users/macbookpro/Desktop/Baysawar/backend-bay-sa-waar/node_modules/mongoose/lib/document.js:1132:16)
    at model.Document (/Users/macbookpro/Desktop/Baysawar/backend-bay-sa-waar/node_modules/mongoose/lib/document.js:178:12)
    at model.Model (/Users/macbookpro/Desktop/Baysawar/backend-bay-sa-waar/node_modules/mongoose/lib/model.js:127:12)
    at new model (/Users/macbookpro/Desktop/Baysawar/backend-bay-sa-waar/node_modules/mongoose/lib/model.js:4834:15)
    at register (file:///Users/macbookpro/Desktop/Baysawar/backend-bay-sa-waar/controllers/authController.js:15:18)
2025-08-24T18:19:39.709Z - ERROR - Error: Invalid login: 534-5.7.9 Application-specific password required. For more information, go to
534 5.7.9  https://support.google.com/mail/?p=InvalidSecondFactor 5b1f17b1804b1-45b4e26944dsm83462135e9.2 - gsmtp
    at SMTPConnection._formatError (/Users/macbookpro/Desktop/Baysawar/backend-bay-sa-waar/node_modules/nodemailer/lib/smtp-connection/index.js:809:19)
    at SMTPConnection._actionAUTHComplete (/Users/macbookpro/Desktop/Baysawar/backend-bay-sa-waar/node_modules/nodemailer/lib/smtp-connection/index.js:1588:34)
    at SMTPConnection.<anonymous> (/Users/macbookpro/Desktop/Baysawar/backend-bay-sa-waar/node_modules/nodemailer/lib/smtp-connection/index.js:556:26)
    at SMTPConnection._processResponse (/Users/macbookpro/Desktop/Baysawar/backend-bay-sa-waar/node_modules/nodemailer/lib/smtp-connection/index.js:993:20)
    at SMTPConnection._onData (/Users/macbookpro/Desktop/Baysawar/backend-bay-sa-waar/node_modules/nodemailer/lib/smtp-connection/index.js:774:14)
    at SMTPConnection._onSocketData (/Users/macbookpro/Desktop/Baysawar/backend-bay-sa-waar/node_modules/nodemailer/lib/smtp-connection/index.js:195:44)
    at TLSSocket.emit (node:events:524:28)
    at addChunk (node:internal/streams/readable:561:12)
    at readableAddChunkPushByteMode (node:internal/streams/readable:512:3)
    at Readable.push (node:internal/streams/readable:392:5)
2025-08-24T18:23:43.215Z - ERROR - Error: Email déjà utilisé
    at register (file:///Users/macbookpro/Desktop/Baysawar/backend-bay-sa-waar/controllers/authController.js:12:29)
    at process.processTicksAndRejections (node:internal/process/task_queues:95:5)
2025-08-24T18:31:47.449Z - ERROR - Error: Identifiants invalides
    at login (file:///Users/macbookpro/Desktop/Baysawar/backend-bay-sa-waar/controllers/authController.js:30:13)
    at process.processTicksAndRejections (node:internal/process/task_queues:95:5)
2025-08-25T09:49:08.728Z - ERROR - Error: Déjà abonné
    at subscribeNewsletter (file:///Users/macbookpro/Desktop/Baysawar/backend-bay-sa-waar/controllers/contactController.js:21:25)
    at process.processTicksAndRejections (node:internal/process/task_queues:95:5)
2025-08-25T16:11:01.887Z - ERROR - Error: Missing credentials for "PLAIN"
    at SMTPConnection._formatError (/Users/macbookpro/Desktop/Baysawar/backend-bay-sa-waar/node_modules/nodemailer/lib/smtp-connection/index.js:809:19)
    at SMTPConnection.login (/Users/macbookpro/Desktop/Baysawar/backend-bay-sa-waar/node_modules/nodemailer/lib/smtp-connection/index.js:454:38)
    at /Users/macbookpro/Desktop/Baysawar/backend-bay-sa-waar/node_modules/nodemailer/lib/smtp-transport/index.js:272:32
    at SMTPConnection.<anonymous> (/Users/macbookpro/Desktop/Baysawar/backend-bay-sa-waar/node_modules/nodemailer/lib/smtp-connection/index.js:215:17)
    at Object.onceWrapper (node:events:638:28)
    at SMTPConnection.emit (node:events:524:28)
    at SMTPConnection._actionEHLO (/Users/macbookpro/Desktop/Baysawar/backend-bay-sa-waar/node_modules/nodemailer/lib/smtp-connection/index.js:1371:14)
    at SMTPConnection._processResponse (/Users/macbookpro/Desktop/Baysawar/backend-bay-sa-waar/node_modules/nodemailer/lib/smtp-connection/index.js:993:20)
    at SMTPConnection._onData (/Users/macbookpro/Desktop/Baysawar/backend-bay-sa-waar/node_modules/nodemailer/lib/smtp-connection/index.js:774:14)
    at SMTPConnection._onSocketData (/Users/macbookpro/Desktop/Baysawar/backend-bay-sa-waar/node_modules/nodemailer/lib/smtp-connection/index.js:195:44)
2025-08-25T16:13:26.564Z - ERROR - Error: Missing credentials for "PLAIN"
    at SMTPConnection._formatError (/Users/macbookpro/Desktop/Baysawar/backend-bay-sa-waar/node_modules/nodemailer/lib/smtp-connection/index.js:809:19)
    at SMTPConnection.login (/Users/macbookpro/Desktop/Baysawar/backend-bay-sa-waar/node_modules/nodemailer/lib/smtp-connection/index.js:454:38)
    at /Users/macbookpro/Desktop/Baysawar/backend-bay-sa-waar/node_modules/nodemailer/lib/smtp-transport/index.js:272:32
    at SMTPConnection.<anonymous> (/Users/macbookpro/Desktop/Baysawar/backend-bay-sa-waar/node_modules/nodemailer/lib/smtp-connection/index.js:215:17)
    at Object.onceWrapper (node:events:638:28)
    at SMTPConnection.emit (node:events:524:28)
    at SMTPConnection._actionEHLO (/Users/macbookpro/Desktop/Baysawar/backend-bay-sa-waar/node_modules/nodemailer/lib/smtp-connection/index.js:1371:14)
    at SMTPConnection._processResponse (/Users/macbookpro/Desktop/Baysawar/backend-bay-sa-waar/node_modules/nodemailer/lib/smtp-connection/index.js:993:20)
    at SMTPConnection._onData (/Users/macbookpro/Desktop/Baysawar/backend-bay-sa-waar/node_modules/nodemailer/lib/smtp-connection/index.js:774:14)
    at SMTPConnection._onSocketData (/Users/macbookpro/Desktop/Baysawar/backend-bay-sa-waar/node_modules/nodemailer/lib/smtp-connection/index.js:195:44)
2025-08-26T13:29:16.997Z - ERROR - Error: Missing credentials for "PLAIN"
    at SMTPConnection._formatError (/Users/macbookpro/Desktop/Baysawar/backend-bay-sa-waar/node_modules/nodemailer/lib/smtp-connection/index.js:809:19)
    at SMTPConnection.login (/Users/macbookpro/Desktop/Baysawar/backend-bay-sa-waar/node_modules/nodemailer/lib/smtp-connection/index.js:454:38)
    at /Users/macbookpro/Desktop/Baysawar/backend-bay-sa-waar/node_modules/nodemailer/lib/smtp-transport/index.js:272:32
    at SMTPConnection.<anonymous> (/Users/macbookpro/Desktop/Baysawar/backend-bay-sa-waar/node_modules/nodemailer/lib/smtp-connection/index.js:215:17)
    at Object.onceWrapper (node:events:638:28)
    at SMTPConnection.emit (node:events:524:28)
    at SMTPConnection._actionEHLO (/Users/macbookpro/Desktop/Baysawar/backend-bay-sa-waar/node_modules/nodemailer/lib/smtp-connection/index.js:1371:14)
    at SMTPConnection._processResponse (/Users/macbookpro/Desktop/Baysawar/backend-bay-sa-waar/node_modules/nodemailer/lib/smtp-connection/index.js:993:20)
    at SMTPConnection._onData (/Users/macbookpro/Desktop/Baysawar/backend-bay-sa-waar/node_modules/nodemailer/lib/smtp-connection/index.js:774:14)
    at SMTPConnection._onSocketData (/Users/macbookpro/Desktop/Baysawar/backend-bay-sa-waar/node_modules/nodemailer/lib/smtp-connection/index.js:195:44)
2025-08-26T13:40:06.436Z - ERROR - ReferenceError: User is not defined
    at submitEnrollment (file:///Users/macbookpro/Desktop/Baysawar/backend-bay-sa-waar/controllers/enrollmentController.js:33:26)
    at Layer.handle [as handle_request] (/Users/macbookpro/Desktop/Baysawar/backend-bay-sa-waar/node_modules/express/lib/router/layer.js:95:5)
    at next (/Users/macbookpro/Desktop/Baysawar/backend-bay-sa-waar/node_modules/express/lib/router/route.js:149:13)
    at handleValidationErrors (file:///Users/macbookpro/Desktop/Baysawar/backend-bay-sa-waar/middlewares/validate.js:8:3)
    at Layer.handle [as handle_request] (/Users/macbookpro/Desktop/Baysawar/backend-bay-sa-waar/node_modules/express/lib/router/layer.js:95:5)
    at next (/Users/macbookpro/Desktop/Baysawar/backend-bay-sa-waar/node_modules/express/lib/router/route.js:149:13)
    at middleware (/Users/macbookpro/Desktop/Baysawar/backend-bay-sa-waar/node_modules/express-validator/lib/middlewares/check.js:16:13)
    at process.processTicksAndRejections (node:internal/process/task_queues:95:5)
2025-08-26T13:41:09.224Z - ERROR - ReferenceError: User is not defined
    at submitEnrollment (file:///Users/macbookpro/Desktop/Baysawar/backend-bay-sa-waar/controllers/enrollmentController.js:33:26)
    at Layer.handle [as handle_request] (/Users/macbookpro/Desktop/Baysawar/backend-bay-sa-waar/node_modules/express/lib/router/layer.js:95:5)
    at next (/Users/macbookpro/Desktop/Baysawar/backend-bay-sa-waar/node_modules/express/lib/router/route.js:149:13)
    at handleValidationErrors (file:///Users/macbookpro/Desktop/Baysawar/backend-bay-sa-waar/middlewares/validate.js:8:3)
    at Layer.handle [as handle_request] (/Users/macbookpro/Desktop/Baysawar/backend-bay-sa-waar/node_modules/express/lib/router/layer.js:95:5)
    at next (/Users/macbookpro/Desktop/Baysawar/backend-bay-sa-waar/node_modules/express/lib/router/route.js:149:13)
    at middleware (/Users/macbookpro/Desktop/Baysawar/backend-bay-sa-waar/node_modules/express-validator/lib/middlewares/check.js:16:13)
    at process.processTicksAndRejections (node:internal/process/task_queues:95:5)
2025-08-28T12:33:34.895Z - ERROR - Error: Identifiants invalides
    at login (file:///Users/macbookpro/Desktop/Baysawar/backend-bay-sa-waar/controllers/authController.js:28:13)
2025-08-28T12:34:02.252Z - ERROR - Error: Identifiants invalides
    at login (file:///Users/macbookpro/Desktop/Baysawar/backend-bay-sa-waar/controllers/authController.js:28:13)
2025-08-28T12:36:36.270Z - ERROR - Error: Identifiants invalides
    at login (file:///Users/macbookpro/Desktop/Baysawar/backend-bay-sa-waar/controllers/authController.js:28:13)
2025-08-28T12:50:01.411Z - ERROR - Error: Identifiants invalides
    at login (file:///Users/macbookpro/Desktop/Baysawar/backend-bay-sa-waar/controllers/authController.js:28:13)
2025-08-30T18:09:15.443Z - ERROR - ValidationError: Validation failed: status: `approve` is not a valid enum value for path `status`.
    at _done (/Users/macbookpro/Desktop/Baysawar/backend-bay-sa-waar/node_modules/mongoose/lib/helpers/updateValidators.js:231:19)
    at /Users/macbookpro/Desktop/Baysawar/backend-bay-sa-waar/node_modules/mongoose/lib/helpers/updateValidators.js:207:11
    at schemaPath.doValidate.updateValidator (/Users/macbookpro/Desktop/Baysawar/backend-bay-sa-waar/node_modules/mongoose/lib/helpers/updateValidators.js:165:13)
    at /Users/macbookpro/Desktop/Baysawar/backend-bay-sa-waar/node_modules/mongoose/lib/schemaType.js:1416:9
    at process.processTicksAndRejections (node:internal/process/task_queues:77:11)
2025-08-30T18:09:17.325Z - ERROR - ValidationError: Validation failed: status: `approve` is not a valid enum value for path `status`.
    at _done (/Users/macbookpro/Desktop/Baysawar/backend-bay-sa-waar/node_modules/mongoose/lib/helpers/updateValidators.js:231:19)
    at /Users/macbookpro/Desktop/Baysawar/backend-bay-sa-waar/node_modules/mongoose/lib/helpers/updateValidators.js:207:11
    at schemaPath.doValidate.updateValidator (/Users/macbookpro/Desktop/Baysawar/backend-bay-sa-waar/node_modules/mongoose/lib/helpers/updateValidators.js:165:13)
    at /Users/macbookpro/Desktop/Baysawar/backend-bay-sa-waar/node_modules/mongoose/lib/schemaType.js:1416:9
    at process.processTicksAndRejections (node:internal/process/task_queues:77:11)
2025-08-30T18:09:18.069Z - ERROR - ValidationError: Validation failed: status: `approve` is not a valid enum value for path `status`.
    at _done (/Users/macbookpro/Desktop/Baysawar/backend-bay-sa-waar/node_modules/mongoose/lib/helpers/updateValidators.js:231:19)
    at /Users/macbookpro/Desktop/Baysawar/backend-bay-sa-waar/node_modules/mongoose/lib/helpers/updateValidators.js:207:11
    at schemaPath.doValidate.updateValidator (/Users/macbookpro/Desktop/Baysawar/backend-bay-sa-waar/node_modules/mongoose/lib/helpers/updateValidators.js:165:13)
    at /Users/macbookpro/Desktop/Baysawar/backend-bay-sa-waar/node_modules/mongoose/lib/schemaType.js:1416:9
    at process.processTicksAndRejections (node:internal/process/task_queues:77:11)
2025-08-30T18:09:20.125Z - ERROR - ValidationError: Validation failed: status: `approve` is not a valid enum value for path `status`.
    at _done (/Users/macbookpro/Desktop/Baysawar/backend-bay-sa-waar/node_modules/mongoose/lib/helpers/updateValidators.js:231:19)
    at /Users/macbookpro/Desktop/Baysawar/backend-bay-sa-waar/node_modules/mongoose/lib/helpers/updateValidators.js:207:11
    at schemaPath.doValidate.updateValidator (/Users/macbookpro/Desktop/Baysawar/backend-bay-sa-waar/node_modules/mongoose/lib/helpers/updateValidators.js:165:13)
    at /Users/macbookpro/Desktop/Baysawar/backend-bay-sa-waar/node_modules/mongoose/lib/schemaType.js:1416:9
    at process.processTicksAndRejections (node:internal/process/task_queues:77:11)
2025-08-30T18:09:20.307Z - ERROR - ValidationError: Validation failed: status: `approve` is not a valid enum value for path `status`.
    at _done (/Users/macbookpro/Desktop/Baysawar/backend-bay-sa-waar/node_modules/mongoose/lib/helpers/updateValidators.js:231:19)
    at /Users/macbookpro/Desktop/Baysawar/backend-bay-sa-waar/node_modules/mongoose/lib/helpers/updateValidators.js:207:11
    at schemaPath.doValidate.updateValidator (/Users/macbookpro/Desktop/Baysawar/backend-bay-sa-waar/node_modules/mongoose/lib/helpers/updateValidators.js:165:13)
    at /Users/macbookpro/Desktop/Baysawar/backend-bay-sa-waar/node_modules/mongoose/lib/schemaType.js:1416:9
    at process.processTicksAndRejections (node:internal/process/task_queues:77:11)
2025-08-30T18:09:27.502Z - ERROR - ValidationError: Validation failed: status: `reject` is not a valid enum value for path `status`.
    at _done (/Users/macbookpro/Desktop/Baysawar/backend-bay-sa-waar/node_modules/mongoose/lib/helpers/updateValidators.js:231:19)
    at /Users/macbookpro/Desktop/Baysawar/backend-bay-sa-waar/node_modules/mongoose/lib/helpers/updateValidators.js:207:11
    at schemaPath.doValidate.updateValidator (/Users/macbookpro/Desktop/Baysawar/backend-bay-sa-waar/node_modules/mongoose/lib/helpers/updateValidators.js:165:13)
    at /Users/macbookpro/Desktop/Baysawar/backend-bay-sa-waar/node_modules/mongoose/lib/schemaType.js:1416:9
    at process.processTicksAndRejections (node:internal/process/task_queues:77:11)
2025-08-30T18:09:28.377Z - ERROR - ValidationError: Validation failed: status: `reject` is not a valid enum value for path `status`.
    at _done (/Users/macbookpro/Desktop/Baysawar/backend-bay-sa-waar/node_modules/mongoose/lib/helpers/updateValidators.js:231:19)
    at /Users/macbookpro/Desktop/Baysawar/backend-bay-sa-waar/node_modules/mongoose/lib/helpers/updateValidators.js:207:11
    at schemaPath.doValidate.updateValidator (/Users/macbookpro/Desktop/Baysawar/backend-bay-sa-waar/node_modules/mongoose/lib/helpers/updateValidators.js:165:13)
    at /Users/macbookpro/Desktop/Baysawar/backend-bay-sa-waar/node_modules/mongoose/lib/schemaType.js:1416:9
    at process.processTicksAndRejections (node:internal/process/task_queues:77:11)
2025-08-30T18:09:28.623Z - ERROR - ValidationError: Validation failed: status: `reject` is not a valid enum value for path `status`.
    at _done (/Users/macbookpro/Desktop/Baysawar/backend-bay-sa-waar/node_modules/mongoose/lib/helpers/updateValidators.js:231:19)
    at /Users/macbookpro/Desktop/Baysawar/backend-bay-sa-waar/node_modules/mongoose/lib/helpers/updateValidators.js:207:11
    at schemaPath.doValidate.updateValidator (/Users/macbookpro/Desktop/Baysawar/backend-bay-sa-waar/node_modules/mongoose/lib/helpers/updateValidators.js:165:13)
    at /Users/macbookpro/Desktop/Baysawar/backend-bay-sa-waar/node_modules/mongoose/lib/schemaType.js:1416:9
    at process.processTicksAndRejections (node:internal/process/task_queues:77:11)
2025-08-30T18:09:28.851Z - ERROR - ValidationError: Validation failed: status: `reject` is not a valid enum value for path `status`.
    at _done (/Users/macbookpro/Desktop/Baysawar/backend-bay-sa-waar/node_modules/mongoose/lib/helpers/updateValidators.js:231:19)
    at /Users/macbookpro/Desktop/Baysawar/backend-bay-sa-waar/node_modules/mongoose/lib/helpers/updateValidators.js:207:11
    at schemaPath.doValidate.updateValidator (/Users/macbookpro/Desktop/Baysawar/backend-bay-sa-waar/node_modules/mongoose/lib/helpers/updateValidators.js:165:13)
    at /Users/macbookpro/Desktop/Baysawar/backend-bay-sa-waar/node_modules/mongoose/lib/schemaType.js:1416:9
    at process.processTicksAndRejections (node:internal/process/task_queues:77:11)
2025-08-30T18:09:38.199Z - ERROR - ValidationError: Validation failed: status: `approve` is not a valid enum value for path `status`.
    at _done (/Users/macbookpro/Desktop/Baysawar/backend-bay-sa-waar/node_modules/mongoose/lib/helpers/updateValidators.js:231:19)
    at /Users/macbookpro/Desktop/Baysawar/backend-bay-sa-waar/node_modules/mongoose/lib/helpers/updateValidators.js:207:11
    at schemaPath.doValidate.updateValidator (/Users/macbookpro/Desktop/Baysawar/backend-bay-sa-waar/node_modules/mongoose/lib/helpers/updateValidators.js:165:13)
    at /Users/macbookpro/Desktop/Baysawar/backend-bay-sa-waar/node_modules/mongoose/lib/schemaType.js:1416:9
    at process.processTicksAndRejections (node:internal/process/task_queues:77:11)
2025-09-03T09:07:35.334Z - ERROR - CastError: Cast to ObjectId failed for value "my-status" (type string) at path "_id" for model "Enrollment"
    at SchemaObjectId.cast (/Users/macbookpro/Desktop/BayySaWaar/baysawarr/node_modules/mongoose/lib/schema/objectId.js:251:11)
    at SchemaType.applySetters (/Users/macbookpro/Desktop/BayySaWaar/baysawarr/node_modules/mongoose/lib/schemaType.js:1258:12)
    at SchemaType.castForQuery (/Users/macbookpro/Desktop/BayySaWaar/baysawarr/node_modules/mongoose/lib/schemaType.js:1694:17)
    at cast (/Users/macbookpro/Desktop/BayySaWaar/baysawarr/node_modules/mongoose/lib/cast.js:390:32)
    at Query.cast (/Users/macbookpro/Desktop/BayySaWaar/baysawarr/node_modules/mongoose/lib/query.js:5060:12)
    at Query._castConditions (/Users/macbookpro/Desktop/BayySaWaar/baysawarr/node_modules/mongoose/lib/query.js:2374:10)
    at model.Query._findOne (/Users/macbookpro/Desktop/BayySaWaar/baysawarr/node_modules/mongoose/lib/query.js:2697:8)
    at model.Query.exec (/Users/macbookpro/Desktop/BayySaWaar/baysawarr/node_modules/mongoose/lib/query.js:4627:80)
    at process.processTicksAndRejections (node:internal/process/task_queues:105:5)
    at async getEnrollmentById (file:///Users/macbookpro/Desktop/BayySaWaar/baysawarr/controllers/enrollmentController.js:142:24)
2025-09-03T09:07:35.381Z - ERROR - CastError: Cast to ObjectId failed for value "my-status" (type string) at path "_id" for model "Enrollment"
    at SchemaObjectId.cast (/Users/macbookpro/Desktop/BayySaWaar/baysawarr/node_modules/mongoose/lib/schema/objectId.js:251:11)
    at SchemaType.applySetters (/Users/macbookpro/Desktop/BayySaWaar/baysawarr/node_modules/mongoose/lib/schemaType.js:1258:12)
    at SchemaType.castForQuery (/Users/macbookpro/Desktop/BayySaWaar/baysawarr/node_modules/mongoose/lib/schemaType.js:1694:17)
    at cast (/Users/macbookpro/Desktop/BayySaWaar/baysawarr/node_modules/mongoose/lib/cast.js:390:32)
    at Query.cast (/Users/macbookpro/Desktop/BayySaWaar/baysawarr/node_modules/mongoose/lib/query.js:5060:12)
    at Query._castConditions (/Users/macbookpro/Desktop/BayySaWaar/baysawarr/node_modules/mongoose/lib/query.js:2374:10)
    at model.Query._findOne (/Users/macbookpro/Desktop/BayySaWaar/baysawarr/node_modules/mongoose/lib/query.js:2697:8)
    at model.Query.exec (/Users/macbookpro/Desktop/BayySaWaar/baysawarr/node_modules/mongoose/lib/query.js:4627:80)
    at process.processTicksAndRejections (node:internal/process/task_queues:105:5)
    at async getEnrollmentById (file:///Users/macbookpro/Desktop/BayySaWaar/baysawarr/controllers/enrollmentController.js:142:24)
2025-09-03T09:07:36.327Z - ERROR - TypeError: Cannot read properties of null (reading 'email')
    at getDashboardData (file:///Users/macbookpro/Desktop/BayySaWaar/baysawarr/controllers/dashboardController.js:11:55)
    at process.processTicksAndRejections (node:internal/process/task_queues:105:5)
2025-09-03T09:07:36.622Z - ERROR - TypeError: Cannot read properties of null (reading 'email')
    at getDashboardData (file:///Users/macbookpro/Desktop/BayySaWaar/baysawarr/controllers/dashboardController.js:11:55)
    at process.processTicksAndRejections (node:internal/process/task_queues:105:5)
2025-09-03T09:08:46.630Z - ERROR - CastError: Cast to ObjectId failed for value "my-status" (type string) at path "_id" for model "Enrollment"
    at SchemaObjectId.cast (/Users/macbookpro/Desktop/BayySaWaar/baysawarr/node_modules/mongoose/lib/schema/objectId.js:251:11)
    at SchemaType.applySetters (/Users/macbookpro/Desktop/BayySaWaar/baysawarr/node_modules/mongoose/lib/schemaType.js:1258:12)
    at SchemaType.castForQuery (/Users/macbookpro/Desktop/BayySaWaar/baysawarr/node_modules/mongoose/lib/schemaType.js:1694:17)
    at cast (/Users/macbookpro/Desktop/BayySaWaar/baysawarr/node_modules/mongoose/lib/cast.js:390:32)
    at Query.cast (/Users/macbookpro/Desktop/BayySaWaar/baysawarr/node_modules/mongoose/lib/query.js:5060:12)
    at Query._castConditions (/Users/macbookpro/Desktop/BayySaWaar/baysawarr/node_modules/mongoose/lib/query.js:2374:10)
    at model.Query._findOne (/Users/macbookpro/Desktop/BayySaWaar/baysawarr/node_modules/mongoose/lib/query.js:2697:8)
    at model.Query.exec (/Users/macbookpro/Desktop/BayySaWaar/baysawarr/node_modules/mongoose/lib/query.js:4627:80)
    at process.processTicksAndRejections (node:internal/process/task_queues:105:5)
    at async getEnrollmentById (file:///Users/macbookpro/Desktop/BayySaWaar/baysawarr/controllers/enrollmentController.js:142:24)
2025-09-03T09:08:46.748Z - ERROR - CastError: Cast to ObjectId failed for value "my-status" (type string) at path "_id" for model "Enrollment"
    at SchemaObjectId.cast (/Users/macbookpro/Desktop/BayySaWaar/baysawarr/node_modules/mongoose/lib/schema/objectId.js:251:11)
    at SchemaType.applySetters (/Users/macbookpro/Desktop/BayySaWaar/baysawarr/node_modules/mongoose/lib/schemaType.js:1258:12)
    at SchemaType.castForQuery (/Users/macbookpro/Desktop/BayySaWaar/baysawarr/node_modules/mongoose/lib/schemaType.js:1694:17)
    at cast (/Users/macbookpro/Desktop/BayySaWaar/baysawarr/node_modules/mongoose/lib/cast.js:390:32)
    at Query.cast (/Users/macbookpro/Desktop/BayySaWaar/baysawarr/node_modules/mongoose/lib/query.js:5060:12)
    at Query._castConditions (/Users/macbookpro/Desktop/BayySaWaar/baysawarr/node_modules/mongoose/lib/query.js:2374:10)
    at model.Query._findOne (/Users/macbookpro/Desktop/BayySaWaar/baysawarr/node_modules/mongoose/lib/query.js:2697:8)
    at model.Query.exec (/Users/macbookpro/Desktop/BayySaWaar/baysawarr/node_modules/mongoose/lib/query.js:4627:80)
    at process.processTicksAndRejections (node:internal/process/task_queues:105:5)
    at async getEnrollmentById (file:///Users/macbookpro/Desktop/BayySaWaar/baysawarr/controllers/enrollmentController.js:142:24)
2025-09-03T09:08:46.940Z - ERROR - TypeError: Cannot read properties of null (reading 'email')
    at getDashboardData (file:///Users/macbookpro/Desktop/BayySaWaar/baysawarr/controllers/dashboardController.js:11:55)
    at process.processTicksAndRejections (node:internal/process/task_queues:105:5)
2025-09-03T09:08:47.213Z - ERROR - TypeError: Cannot read properties of null (reading 'email')
    at getDashboardData (file:///Users/macbookpro/Desktop/BayySaWaar/baysawarr/controllers/dashboardController.js:11:55)
    at process.processTicksAndRejections (node:internal/process/task_queues:105:5)
2025-09-03T09:09:00.065Z - ERROR - CastError: Cast to ObjectId failed for value "my-status" (type string) at path "_id" for model "Enrollment"
    at SchemaObjectId.cast (/Users/macbookpro/Desktop/BayySaWaar/baysawarr/node_modules/mongoose/lib/schema/objectId.js:251:11)
    at SchemaType.applySetters (/Users/macbookpro/Desktop/BayySaWaar/baysawarr/node_modules/mongoose/lib/schemaType.js:1258:12)
    at SchemaType.castForQuery (/Users/macbookpro/Desktop/BayySaWaar/baysawarr/node_modules/mongoose/lib/schemaType.js:1694:17)
    at cast (/Users/macbookpro/Desktop/BayySaWaar/baysawarr/node_modules/mongoose/lib/cast.js:390:32)
    at Query.cast (/Users/macbookpro/Desktop/BayySaWaar/baysawarr/node_modules/mongoose/lib/query.js:5060:12)
    at Query._castConditions (/Users/macbookpro/Desktop/BayySaWaar/baysawarr/node_modules/mongoose/lib/query.js:2374:10)
    at model.Query._findOne (/Users/macbookpro/Desktop/BayySaWaar/baysawarr/node_modules/mongoose/lib/query.js:2697:8)
    at model.Query.exec (/Users/macbookpro/Desktop/BayySaWaar/baysawarr/node_modules/mongoose/lib/query.js:4627:80)
    at process.processTicksAndRejections (node:internal/process/task_queues:105:5)
    at async getEnrollmentById (file:///Users/macbookpro/Desktop/BayySaWaar/baysawarr/controllers/enrollmentController.js:142:24)
2025-09-03T09:09:00.084Z - ERROR - CastError: Cast to ObjectId failed for value "my-status" (type string) at path "_id" for model "Enrollment"
    at SchemaObjectId.cast (/Users/macbookpro/Desktop/BayySaWaar/baysawarr/node_modules/mongoose/lib/schema/objectId.js:251:11)
    at SchemaType.applySetters (/Users/macbookpro/Desktop/BayySaWaar/baysawarr/node_modules/mongoose/lib/schemaType.js:1258:12)
    at SchemaType.castForQuery (/Users/macbookpro/Desktop/BayySaWaar/baysawarr/node_modules/mongoose/lib/schemaType.js:1694:17)
    at cast (/Users/macbookpro/Desktop/BayySaWaar/baysawarr/node_modules/mongoose/lib/cast.js:390:32)
    at Query.cast (/Users/macbookpro/Desktop/BayySaWaar/baysawarr/node_modules/mongoose/lib/query.js:5060:12)
    at Query._castConditions (/Users/macbookpro/Desktop/BayySaWaar/baysawarr/node_modules/mongoose/lib/query.js:2374:10)
    at model.Query._findOne (/Users/macbookpro/Desktop/BayySaWaar/baysawarr/node_modules/mongoose/lib/query.js:2697:8)
    at model.Query.exec (/Users/macbookpro/Desktop/BayySaWaar/baysawarr/node_modules/mongoose/lib/query.js:4627:80)
    at process.processTicksAndRejections (node:internal/process/task_queues:105:5)
    at async getEnrollmentById (file:///Users/macbookpro/Desktop/BayySaWaar/baysawarr/controllers/enrollmentController.js:142:24)
2025-09-03T09:09:00.352Z - ERROR - TypeError: Cannot read properties of null (reading 'email')
    at getDashboardData (file:///Users/macbookpro/Desktop/BayySaWaar/baysawarr/controllers/dashboardController.js:11:55)
    at process.processTicksAndRejections (node:internal/process/task_queues:105:5)
2025-09-03T09:09:00.631Z - ERROR - TypeError: Cannot read properties of null (reading 'email')
    at getDashboardData (file:///Users/macbookpro/Desktop/BayySaWaar/baysawarr/controllers/dashboardController.js:11:55)
    at process.processTicksAndRejections (node:internal/process/task_queues:105:5)
2025-09-03T09:10:30.345Z - ERROR - CastError: Cast to ObjectId failed for value "my-status" (type string) at path "_id" for model "Enrollment"
    at SchemaObjectId.cast (/Users/macbookpro/Desktop/BayySaWaar/baysawarr/node_modules/mongoose/lib/schema/objectId.js:251:11)
    at SchemaType.applySetters (/Users/macbookpro/Desktop/BayySaWaar/baysawarr/node_modules/mongoose/lib/schemaType.js:1258:12)
    at SchemaType.castForQuery (/Users/macbookpro/Desktop/BayySaWaar/baysawarr/node_modules/mongoose/lib/schemaType.js:1694:17)
    at cast (/Users/macbookpro/Desktop/BayySaWaar/baysawarr/node_modules/mongoose/lib/cast.js:390:32)
    at Query.cast (/Users/macbookpro/Desktop/BayySaWaar/baysawarr/node_modules/mongoose/lib/query.js:5060:12)
    at Query._castConditions (/Users/macbookpro/Desktop/BayySaWaar/baysawarr/node_modules/mongoose/lib/query.js:2374:10)
    at model.Query._findOne (/Users/macbookpro/Desktop/BayySaWaar/baysawarr/node_modules/mongoose/lib/query.js:2697:8)
    at model.Query.exec (/Users/macbookpro/Desktop/BayySaWaar/baysawarr/node_modules/mongoose/lib/query.js:4627:80)
    at process.processTicksAndRejections (node:internal/process/task_queues:105:5)
    at async getEnrollmentById (file:///Users/macbookpro/Desktop/BayySaWaar/baysawarr/controllers/enrollmentController.js:142:24)
2025-09-03T09:10:30.609Z - ERROR - TypeError: Cannot read properties of null (reading 'email')
    at getDashboardData (file:///Users/macbookpro/Desktop/BayySaWaar/baysawarr/controllers/dashboardController.js:11:55)
    at process.processTicksAndRejections (node:internal/process/task_queues:105:5)
2025-09-03T09:10:44.338Z - ERROR - CastError: Cast to ObjectId failed for value "my-status" (type string) at path "_id" for model "Enrollment"
    at SchemaObjectId.cast (/Users/macbookpro/Desktop/BayySaWaar/baysawarr/node_modules/mongoose/lib/schema/objectId.js:251:11)
    at SchemaType.applySetters (/Users/macbookpro/Desktop/BayySaWaar/baysawarr/node_modules/mongoose/lib/schemaType.js:1258:12)
    at SchemaType.castForQuery (/Users/macbookpro/Desktop/BayySaWaar/baysawarr/node_modules/mongoose/lib/schemaType.js:1694:17)
    at cast (/Users/macbookpro/Desktop/BayySaWaar/baysawarr/node_modules/mongoose/lib/cast.js:390:32)
    at Query.cast (/Users/macbookpro/Desktop/BayySaWaar/baysawarr/node_modules/mongoose/lib/query.js:5060:12)
    at Query._castConditions (/Users/macbookpro/Desktop/BayySaWaar/baysawarr/node_modules/mongoose/lib/query.js:2374:10)
    at model.Query._findOne (/Users/macbookpro/Desktop/BayySaWaar/baysawarr/node_modules/mongoose/lib/query.js:2697:8)
    at model.Query.exec (/Users/macbookpro/Desktop/BayySaWaar/baysawarr/node_modules/mongoose/lib/query.js:4627:80)
    at process.processTicksAndRejections (node:internal/process/task_queues:105:5)
    at async getEnrollmentById (file:///Users/macbookpro/Desktop/BayySaWaar/baysawarr/controllers/enrollmentController.js:142:24)
2025-09-03T09:10:44.592Z - ERROR - TypeError: Cannot read properties of null (reading 'email')
    at getDashboardData (file:///Users/macbookpro/Desktop/BayySaWaar/baysawarr/controllers/dashboardController.js:11:55)
    at process.processTicksAndRejections (node:internal/process/task_queues:105:5)
2025-09-03T09:11:11.312Z - ERROR - CastError: Cast to ObjectId failed for value "my-status" (type string) at path "_id" for model "Enrollment"
    at SchemaObjectId.cast (/Users/macbookpro/Desktop/BayySaWaar/baysawarr/node_modules/mongoose/lib/schema/objectId.js:251:11)
    at SchemaType.applySetters (/Users/macbookpro/Desktop/BayySaWaar/baysawarr/node_modules/mongoose/lib/schemaType.js:1258:12)
    at SchemaType.castForQuery (/Users/macbookpro/Desktop/BayySaWaar/baysawarr/node_modules/mongoose/lib/schemaType.js:1694:17)
    at cast (/Users/macbookpro/Desktop/BayySaWaar/baysawarr/node_modules/mongoose/lib/cast.js:390:32)
    at Query.cast (/Users/macbookpro/Desktop/BayySaWaar/baysawarr/node_modules/mongoose/lib/query.js:5060:12)
    at Query._castConditions (/Users/macbookpro/Desktop/BayySaWaar/baysawarr/node_modules/mongoose/lib/query.js:2374:10)
    at model.Query._findOne (/Users/macbookpro/Desktop/BayySaWaar/baysawarr/node_modules/mongoose/lib/query.js:2697:8)
    at model.Query.exec (/Users/macbookpro/Desktop/BayySaWaar/baysawarr/node_modules/mongoose/lib/query.js:4627:80)
    at process.processTicksAndRejections (node:internal/process/task_queues:105:5)
    at async getEnrollmentById (file:///Users/macbookpro/Desktop/BayySaWaar/baysawarr/controllers/enrollmentController.js:142:24)
2025-09-03T09:11:11.560Z - ERROR - TypeError: Cannot read properties of null (reading 'email')
    at getDashboardData (file:///Users/macbookpro/Desktop/BayySaWaar/baysawarr/controllers/dashboardController.js:11:55)
    at process.processTicksAndRejections (node:internal/process/task_queues:105:5)
2025-09-03T09:11:17.314Z - ERROR - CastError: Cast to ObjectId failed for value "my-status" (type string) at path "_id" for model "Enrollment"
    at SchemaObjectId.cast (/Users/macbookpro/Desktop/BayySaWaar/baysawarr/node_modules/mongoose/lib/schema/objectId.js:251:11)
    at SchemaType.applySetters (/Users/macbookpro/Desktop/BayySaWaar/baysawarr/node_modules/mongoose/lib/schemaType.js:1258:12)
    at SchemaType.castForQuery (/Users/macbookpro/Desktop/BayySaWaar/baysawarr/node_modules/mongoose/lib/schemaType.js:1694:17)
    at cast (/Users/macbookpro/Desktop/BayySaWaar/baysawarr/node_modules/mongoose/lib/cast.js:390:32)
    at Query.cast (/Users/macbookpro/Desktop/BayySaWaar/baysawarr/node_modules/mongoose/lib/query.js:5060:12)
    at Query._castConditions (/Users/macbookpro/Desktop/BayySaWaar/baysawarr/node_modules/mongoose/lib/query.js:2374:10)
    at model.Query._findOne (/Users/macbookpro/Desktop/BayySaWaar/baysawarr/node_modules/mongoose/lib/query.js:2697:8)
    at model.Query.exec (/Users/macbookpro/Desktop/BayySaWaar/baysawarr/node_modules/mongoose/lib/query.js:4627:80)
    at process.processTicksAndRejections (node:internal/process/task_queues:105:5)
    at async getEnrollmentById (file:///Users/macbookpro/Desktop/BayySaWaar/baysawarr/controllers/enrollmentController.js:142:24)
2025-09-03T09:11:17.576Z - ERROR - TypeError: Cannot read properties of null (reading 'email')
    at getDashboardData (file:///Users/macbookpro/Desktop/BayySaWaar/baysawarr/controllers/dashboardController.js:11:55)
    at process.processTicksAndRejections (node:internal/process/task_queues:105:5)
2025-09-03T09:11:19.079Z - ERROR - CastError: Cast to ObjectId failed for value "my-status" (type string) at path "_id" for model "Enrollment"
    at SchemaObjectId.cast (/Users/macbookpro/Desktop/BayySaWaar/baysawarr/node_modules/mongoose/lib/schema/objectId.js:251:11)
    at SchemaType.applySetters (/Users/macbookpro/Desktop/BayySaWaar/baysawarr/node_modules/mongoose/lib/schemaType.js:1258:12)
    at SchemaType.castForQuery (/Users/macbookpro/Desktop/BayySaWaar/baysawarr/node_modules/mongoose/lib/schemaType.js:1694:17)
    at cast (/Users/macbookpro/Desktop/BayySaWaar/baysawarr/node_modules/mongoose/lib/cast.js:390:32)
    at Query.cast (/Users/macbookpro/Desktop/BayySaWaar/baysawarr/node_modules/mongoose/lib/query.js:5060:12)
    at Query._castConditions (/Users/macbookpro/Desktop/BayySaWaar/baysawarr/node_modules/mongoose/lib/query.js:2374:10)
    at model.Query._findOne (/Users/macbookpro/Desktop/BayySaWaar/baysawarr/node_modules/mongoose/lib/query.js:2697:8)
    at model.Query.exec (/Users/macbookpro/Desktop/BayySaWaar/baysawarr/node_modules/mongoose/lib/query.js:4627:80)
    at process.processTicksAndRejections (node:internal/process/task_queues:105:5)
    at async getEnrollmentById (file:///Users/macbookpro/Desktop/BayySaWaar/baysawarr/controllers/enrollmentController.js:142:24)
2025-09-03T09:11:19.332Z - ERROR - TypeError: Cannot read properties of null (reading 'email')
    at getDashboardData (file:///Users/macbookpro/Desktop/BayySaWaar/baysawarr/controllers/dashboardController.js:11:55)
    at process.processTicksAndRejections (node:internal/process/task_queues:105:5)
2025-09-03T09:11:19.668Z - ERROR - CastError: Cast to ObjectId failed for value "my-status" (type string) at path "_id" for model "Enrollment"
    at SchemaObjectId.cast (/Users/macbookpro/Desktop/BayySaWaar/baysawarr/node_modules/mongoose/lib/schema/objectId.js:251:11)
    at SchemaType.applySetters (/Users/macbookpro/Desktop/BayySaWaar/baysawarr/node_modules/mongoose/lib/schemaType.js:1258:12)
    at SchemaType.castForQuery (/Users/macbookpro/Desktop/BayySaWaar/baysawarr/node_modules/mongoose/lib/schemaType.js:1694:17)
    at cast (/Users/macbookpro/Desktop/BayySaWaar/baysawarr/node_modules/mongoose/lib/cast.js:390:32)
    at Query.cast (/Users/macbookpro/Desktop/BayySaWaar/baysawarr/node_modules/mongoose/lib/query.js:5060:12)
    at Query._castConditions (/Users/macbookpro/Desktop/BayySaWaar/baysawarr/node_modules/mongoose/lib/query.js:2374:10)
    at model.Query._findOne (/Users/macbookpro/Desktop/BayySaWaar/baysawarr/node_modules/mongoose/lib/query.js:2697:8)
    at model.Query.exec (/Users/macbookpro/Desktop/BayySaWaar/baysawarr/node_modules/mongoose/lib/query.js:4627:80)
    at process.processTicksAndRejections (node:internal/process/task_queues:105:5)
    at async getEnrollmentById (file:///Users/macbookpro/Desktop/BayySaWaar/baysawarr/controllers/enrollmentController.js:142:24)
2025-09-03T09:11:19.761Z - ERROR - CastError: Cast to ObjectId failed for value "my-status" (type string) at path "_id" for model "Enrollment"
    at SchemaObjectId.cast (/Users/macbookpro/Desktop/BayySaWaar/baysawarr/node_modules/mongoose/lib/schema/objectId.js:251:11)
    at SchemaType.applySetters (/Users/macbookpro/Desktop/BayySaWaar/baysawarr/node_modules/mongoose/lib/schemaType.js:1258:12)
    at SchemaType.castForQuery (/Users/macbookpro/Desktop/BayySaWaar/baysawarr/node_modules/mongoose/lib/schemaType.js:1694:17)
    at cast (/Users/macbookpro/Desktop/BayySaWaar/baysawarr/node_modules/mongoose/lib/cast.js:390:32)
    at Query.cast (/Users/macbookpro/Desktop/BayySaWaar/baysawarr/node_modules/mongoose/lib/query.js:5060:12)
    at Query._castConditions (/Users/macbookpro/Desktop/BayySaWaar/baysawarr/node_modules/mongoose/lib/query.js:2374:10)
    at model.Query._findOne (/Users/macbookpro/Desktop/BayySaWaar/baysawarr/node_modules/mongoose/lib/query.js:2697:8)
    at model.Query.exec (/Users/macbookpro/Desktop/BayySaWaar/baysawarr/node_modules/mongoose/lib/query.js:4627:80)
    at process.processTicksAndRejections (node:internal/process/task_queues:105:5)
    at async getEnrollmentById (file:///Users/macbookpro/Desktop/BayySaWaar/baysawarr/controllers/enrollmentController.js:142:24)
2025-09-03T09:11:19.917Z - ERROR - TypeError: Cannot read properties of null (reading 'email')
    at getDashboardData (file:///Users/macbookpro/Desktop/BayySaWaar/baysawarr/controllers/dashboardController.js:11:55)
    at process.processTicksAndRejections (node:internal/process/task_queues:105:5)
2025-09-03T09:11:20.153Z - ERROR - TypeError: Cannot read properties of null (reading 'email')
    at getDashboardData (file:///Users/macbookpro/Desktop/BayySaWaar/baysawarr/controllers/dashboardController.js:11:55)
    at process.processTicksAndRejections (node:internal/process/task_queues:105:5)
2025-09-03T09:11:44.337Z - ERROR - CastError: Cast to ObjectId failed for value "my-status" (type string) at path "_id" for model "Enrollment"
    at SchemaObjectId.cast (/Users/macbookpro/Desktop/BayySaWaar/baysawarr/node_modules/mongoose/lib/schema/objectId.js:251:11)
    at SchemaType.applySetters (/Users/macbookpro/Desktop/BayySaWaar/baysawarr/node_modules/mongoose/lib/schemaType.js:1258:12)
    at SchemaType.castForQuery (/Users/macbookpro/Desktop/BayySaWaar/baysawarr/node_modules/mongoose/lib/schemaType.js:1694:17)
    at cast (/Users/macbookpro/Desktop/BayySaWaar/baysawarr/node_modules/mongoose/lib/cast.js:390:32)
    at Query.cast (/Users/macbookpro/Desktop/BayySaWaar/baysawarr/node_modules/mongoose/lib/query.js:5060:12)
    at Query._castConditions (/Users/macbookpro/Desktop/BayySaWaar/baysawarr/node_modules/mongoose/lib/query.js:2374:10)
    at model.Query._findOne (/Users/macbookpro/Desktop/BayySaWaar/baysawarr/node_modules/mongoose/lib/query.js:2697:8)
    at model.Query.exec (/Users/macbookpro/Desktop/BayySaWaar/baysawarr/node_modules/mongoose/lib/query.js:4627:80)
    at process.processTicksAndRejections (node:internal/process/task_queues:105:5)
    at async getEnrollmentById (file:///Users/macbookpro/Desktop/BayySaWaar/baysawarr/controllers/enrollmentController.js:142:24)
2025-09-03T09:11:44.593Z - ERROR - TypeError: Cannot read properties of null (reading 'email')
    at getDashboardData (file:///Users/macbookpro/Desktop/BayySaWaar/baysawarr/controllers/dashboardController.js:11:55)
    at process.processTicksAndRejections (node:internal/process/task_queues:105:5)
2025-09-03T09:15:12.324Z - ERROR - CastError: Cast to ObjectId failed for value "my-status" (type string) at path "_id" for model "Enrollment"
    at SchemaObjectId.cast (/Users/macbookpro/Desktop/BayySaWaar/baysawarr/node_modules/mongoose/lib/schema/objectId.js:251:11)
    at SchemaType.applySetters (/Users/macbookpro/Desktop/BayySaWaar/baysawarr/node_modules/mongoose/lib/schemaType.js:1258:12)
    at SchemaType.castForQuery (/Users/macbookpro/Desktop/BayySaWaar/baysawarr/node_modules/mongoose/lib/schemaType.js:1694:17)
    at cast (/Users/macbookpro/Desktop/BayySaWaar/baysawarr/node_modules/mongoose/lib/cast.js:390:32)
    at Query.cast (/Users/macbookpro/Desktop/BayySaWaar/baysawarr/node_modules/mongoose/lib/query.js:5060:12)
    at Query._castConditions (/Users/macbookpro/Desktop/BayySaWaar/baysawarr/node_modules/mongoose/lib/query.js:2374:10)
    at model.Query._findOne (/Users/macbookpro/Desktop/BayySaWaar/baysawarr/node_modules/mongoose/lib/query.js:2697:8)
    at model.Query.exec (/Users/macbookpro/Desktop/BayySaWaar/baysawarr/node_modules/mongoose/lib/query.js:4627:80)
    at process.processTicksAndRejections (node:internal/process/task_queues:105:5)
    at async getEnrollmentById (file:///Users/macbookpro/Desktop/BayySaWaar/baysawarr/controllers/enrollmentController.js:142:24)
2025-09-03T09:15:12.672Z - ERROR - TypeError: Cannot read properties of null (reading 'email')
    at getDashboardData (file:///Users/macbookpro/Desktop/BayySaWaar/baysawarr/controllers/dashboardController.js:11:55)
    at process.processTicksAndRejections (node:internal/process/task_queues:105:5)
2025-09-03T09:15:27.377Z - ERROR - CastError: Cast to ObjectId failed for value "my-status" (type string) at path "_id" for model "Enrollment"
    at SchemaObjectId.cast (/Users/macbookpro/Desktop/BayySaWaar/baysawarr/node_modules/mongoose/lib/schema/objectId.js:251:11)
    at SchemaType.applySetters (/Users/macbookpro/Desktop/BayySaWaar/baysawarr/node_modules/mongoose/lib/schemaType.js:1258:12)
    at SchemaType.castForQuery (/Users/macbookpro/Desktop/BayySaWaar/baysawarr/node_modules/mongoose/lib/schemaType.js:1694:17)
    at cast (/Users/macbookpro/Desktop/BayySaWaar/baysawarr/node_modules/mongoose/lib/cast.js:390:32)
    at Query.cast (/Users/macbookpro/Desktop/BayySaWaar/baysawarr/node_modules/mongoose/lib/query.js:5060:12)
    at Query._castConditions (/Users/macbookpro/Desktop/BayySaWaar/baysawarr/node_modules/mongoose/lib/query.js:2374:10)
    at model.Query._findOne (/Users/macbookpro/Desktop/BayySaWaar/baysawarr/node_modules/mongoose/lib/query.js:2697:8)
    at model.Query.exec (/Users/macbookpro/Desktop/BayySaWaar/baysawarr/node_modules/mongoose/lib/query.js:4627:80)
    at process.processTicksAndRejections (node:internal/process/task_queues:105:5)
    at async getEnrollmentById (file:///Users/macbookpro/Desktop/BayySaWaar/baysawarr/controllers/enrollmentController.js:142:24)
2025-09-03T09:15:27.626Z - ERROR - TypeError: Cannot read properties of null (reading 'email')
    at getDashboardData (file:///Users/macbookpro/Desktop/BayySaWaar/baysawarr/controllers/dashboardController.js:11:55)
    at process.processTicksAndRejections (node:internal/process/task_queues:105:5)
2025-09-03T09:15:46.663Z - ERROR - CastError: Cast to ObjectId failed for value "my-status" (type string) at path "_id" for model "Enrollment"
    at SchemaObjectId.cast (/Users/macbookpro/Desktop/BayySaWaar/baysawarr/node_modules/mongoose/lib/schema/objectId.js:251:11)
    at SchemaType.applySetters (/Users/macbookpro/Desktop/BayySaWaar/baysawarr/node_modules/mongoose/lib/schemaType.js:1258:12)
    at SchemaType.castForQuery (/Users/macbookpro/Desktop/BayySaWaar/baysawarr/node_modules/mongoose/lib/schemaType.js:1694:17)
    at cast (/Users/macbookpro/Desktop/BayySaWaar/baysawarr/node_modules/mongoose/lib/cast.js:390:32)
    at Query.cast (/Users/macbookpro/Desktop/BayySaWaar/baysawarr/node_modules/mongoose/lib/query.js:5060:12)
    at Query._castConditions (/Users/macbookpro/Desktop/BayySaWaar/baysawarr/node_modules/mongoose/lib/query.js:2374:10)
    at model.Query._findOne (/Users/macbookpro/Desktop/BayySaWaar/baysawarr/node_modules/mongoose/lib/query.js:2697:8)
    at model.Query.exec (/Users/macbookpro/Desktop/BayySaWaar/baysawarr/node_modules/mongoose/lib/query.js:4627:80)
    at process.processTicksAndRejections (node:internal/process/task_queues:105:5)
    at async getEnrollmentById (file:///Users/macbookpro/Desktop/BayySaWaar/baysawarr/controllers/enrollmentController.js:142:24)
2025-09-03T09:15:46.903Z - ERROR - TypeError: Cannot read properties of null (reading 'email')
    at getDashboardData (file:///Users/macbookpro/Desktop/BayySaWaar/baysawarr/controllers/dashboardController.js:11:55)
    at process.processTicksAndRejections (node:internal/process/task_queues:105:5)
2025-09-03T09:15:54.057Z - ERROR - CastError: Cast to ObjectId failed for value "my-status" (type string) at path "_id" for model "Enrollment"
    at SchemaObjectId.cast (/Users/macbookpro/Desktop/BayySaWaar/baysawarr/node_modules/mongoose/lib/schema/objectId.js:251:11)
    at SchemaType.applySetters (/Users/macbookpro/Desktop/BayySaWaar/baysawarr/node_modules/mongoose/lib/schemaType.js:1258:12)
    at SchemaType.castForQuery (/Users/macbookpro/Desktop/BayySaWaar/baysawarr/node_modules/mongoose/lib/schemaType.js:1694:17)
    at cast (/Users/macbookpro/Desktop/BayySaWaar/baysawarr/node_modules/mongoose/lib/cast.js:390:32)
    at Query.cast (/Users/macbookpro/Desktop/BayySaWaar/baysawarr/node_modules/mongoose/lib/query.js:5060:12)
    at Query._castConditions (/Users/macbookpro/Desktop/BayySaWaar/baysawarr/node_modules/mongoose/lib/query.js:2374:10)
    at model.Query._findOne (/Users/macbookpro/Desktop/BayySaWaar/baysawarr/node_modules/mongoose/lib/query.js:2697:8)
    at model.Query.exec (/Users/macbookpro/Desktop/BayySaWaar/baysawarr/node_modules/mongoose/lib/query.js:4627:80)
    at process.processTicksAndRejections (node:internal/process/task_queues:105:5)
    at async getEnrollmentById (file:///Users/macbookpro/Desktop/BayySaWaar/baysawarr/controllers/enrollmentController.js:142:24)
2025-09-03T09:15:54.063Z - ERROR - CastError: Cast to ObjectId failed for value "my-status" (type string) at path "_id" for model "Enrollment"
    at SchemaObjectId.cast (/Users/macbookpro/Desktop/BayySaWaar/baysawarr/node_modules/mongoose/lib/schema/objectId.js:251:11)
    at SchemaType.applySetters (/Users/macbookpro/Desktop/BayySaWaar/baysawarr/node_modules/mongoose/lib/schemaType.js:1258:12)
    at SchemaType.castForQuery (/Users/macbookpro/Desktop/BayySaWaar/baysawarr/node_modules/mongoose/lib/schemaType.js:1694:17)
    at cast (/Users/macbookpro/Desktop/BayySaWaar/baysawarr/node_modules/mongoose/lib/cast.js:390:32)
    at Query.cast (/Users/macbookpro/Desktop/BayySaWaar/baysawarr/node_modules/mongoose/lib/query.js:5060:12)
    at Query._castConditions (/Users/macbookpro/Desktop/BayySaWaar/baysawarr/node_modules/mongoose/lib/query.js:2374:10)
    at model.Query._findOne (/Users/macbookpro/Desktop/BayySaWaar/baysawarr/node_modules/mongoose/lib/query.js:2697:8)
    at model.Query.exec (/Users/macbookpro/Desktop/BayySaWaar/baysawarr/node_modules/mongoose/lib/query.js:4627:80)
    at process.processTicksAndRejections (node:internal/process/task_queues:105:5)
    at async getEnrollmentById (file:///Users/macbookpro/Desktop/BayySaWaar/baysawarr/controllers/enrollmentController.js:142:24)
2025-09-03T09:15:54.468Z - ERROR - TypeError: Cannot read properties of null (reading 'email')
    at getDashboardData (file:///Users/macbookpro/Desktop/BayySaWaar/baysawarr/controllers/dashboardController.js:11:55)
    at process.processTicksAndRejections (node:internal/process/task_queues:105:5)
2025-09-03T09:15:54.721Z - ERROR - TypeError: Cannot read properties of null (reading 'email')
    at getDashboardData (file:///Users/macbookpro/Desktop/BayySaWaar/baysawarr/controllers/dashboardController.js:11:55)
    at process.processTicksAndRejections (node:internal/process/task_queues:105:5)
2025-09-03T09:19:49.203Z - ERROR - TypeError: Cannot read properties of null (reading 'email')
    at getDashboardData (file:///Users/macbookpro/Desktop/BayySaWaar/baysawarr/controllers/dashboardController.js:11:55)
    at process.processTicksAndRejections (node:internal/process/task_queues:105:5)
2025-09-03T09:21:18.237Z - ERROR - TypeError: Cannot read properties of null (reading 'email')
    at getDashboardData (file:///Users/macbookpro/Desktop/BayySaWaar/baysawarr/controllers/dashboardController.js:11:55)
    at process.processTicksAndRejections (node:internal/process/task_queues:105:5)
2025-09-03T09:22:24.578Z - ERROR - TypeError: Cannot read properties of null (reading 'email')
    at getDashboardData (file:///Users/macbookpro/Desktop/BayySaWaar/baysawarr/controllers/dashboardController.js:11:55)
    at process.processTicksAndRejections (node:internal/process/task_queues:105:5)
2025-09-03T09:25:04.299Z - ERROR - CastError: Cast to ObjectId failed for value "my-status" (type string) at path "_id" for model "Enrollment"
    at SchemaObjectId.cast (/Users/macbookpro/Desktop/BayySaWaar/baysawarr/node_modules/mongoose/lib/schema/objectId.js:251:11)
    at SchemaType.applySetters (/Users/macbookpro/Desktop/BayySaWaar/baysawarr/node_modules/mongoose/lib/schemaType.js:1258:12)
    at SchemaType.castForQuery (/Users/macbookpro/Desktop/BayySaWaar/baysawarr/node_modules/mongoose/lib/schemaType.js:1694:17)
    at cast (/Users/macbookpro/Desktop/BayySaWaar/baysawarr/node_modules/mongoose/lib/cast.js:390:32)
    at Query.cast (/Users/macbookpro/Desktop/BayySaWaar/baysawarr/node_modules/mongoose/lib/query.js:5060:12)
    at Query._castConditions (/Users/macbookpro/Desktop/BayySaWaar/baysawarr/node_modules/mongoose/lib/query.js:2374:10)
    at model.Query._findOne (/Users/macbookpro/Desktop/BayySaWaar/baysawarr/node_modules/mongoose/lib/query.js:2697:8)
    at model.Query.exec (/Users/macbookpro/Desktop/BayySaWaar/baysawarr/node_modules/mongoose/lib/query.js:4627:80)
    at process.processTicksAndRejections (node:internal/process/task_queues:105:5)
    at async getEnrollmentById (file:///Users/macbookpro/Desktop/BayySaWaar/baysawarr/controllers/enrollmentController.js:142:24)
2025-09-03T09:25:04.323Z - ERROR - CastError: Cast to ObjectId failed for value "my-status" (type string) at path "_id" for model "Enrollment"
    at SchemaObjectId.cast (/Users/macbookpro/Desktop/BayySaWaar/baysawarr/node_modules/mongoose/lib/schema/objectId.js:251:11)
    at SchemaType.applySetters (/Users/macbookpro/Desktop/BayySaWaar/baysawarr/node_modules/mongoose/lib/schemaType.js:1258:12)
    at SchemaType.castForQuery (/Users/macbookpro/Desktop/BayySaWaar/baysawarr/node_modules/mongoose/lib/schemaType.js:1694:17)
    at cast (/Users/macbookpro/Desktop/BayySaWaar/baysawarr/node_modules/mongoose/lib/cast.js:390:32)
    at Query.cast (/Users/macbookpro/Desktop/BayySaWaar/baysawarr/node_modules/mongoose/lib/query.js:5060:12)
    at Query._castConditions (/Users/macbookpro/Desktop/BayySaWaar/baysawarr/node_modules/mongoose/lib/query.js:2374:10)
    at model.Query._findOne (/Users/macbookpro/Desktop/BayySaWaar/baysawarr/node_modules/mongoose/lib/query.js:2697:8)
    at model.Query.exec (/Users/macbookpro/Desktop/BayySaWaar/baysawarr/node_modules/mongoose/lib/query.js:4627:80)
    at process.processTicksAndRejections (node:internal/process/task_queues:105:5)
    at async getEnrollmentById (file:///Users/macbookpro/Desktop/BayySaWaar/baysawarr/controllers/enrollmentController.js:142:24)
2025-09-03T09:27:42.963Z - ERROR - CastError: Cast to ObjectId failed for value "my-status" (type string) at path "_id" for model "Enrollment"
    at SchemaObjectId.cast (/Users/macbookpro/Desktop/BayySaWaar/baysawarr/node_modules/mongoose/lib/schema/objectId.js:251:11)
    at SchemaType.applySetters (/Users/macbookpro/Desktop/BayySaWaar/baysawarr/node_modules/mongoose/lib/schemaType.js:1258:12)
    at SchemaType.castForQuery (/Users/macbookpro/Desktop/BayySaWaar/baysawarr/node_modules/mongoose/lib/schemaType.js:1694:17)
    at cast (/Users/macbookpro/Desktop/BayySaWaar/baysawarr/node_modules/mongoose/lib/cast.js:390:32)
    at Query.cast (/Users/macbookpro/Desktop/BayySaWaar/baysawarr/node_modules/mongoose/lib/query.js:5060:12)
    at Query._castConditions (/Users/macbookpro/Desktop/BayySaWaar/baysawarr/node_modules/mongoose/lib/query.js:2374:10)
    at model.Query._findOne (/Users/macbookpro/Desktop/BayySaWaar/baysawarr/node_modules/mongoose/lib/query.js:2697:8)
    at model.Query.exec (/Users/macbookpro/Desktop/BayySaWaar/baysawarr/node_modules/mongoose/lib/query.js:4627:80)
    at process.processTicksAndRejections (node:internal/process/task_queues:105:5)
    at async getEnrollmentById (file:///Users/macbookpro/Desktop/BayySaWaar/baysawarr/controllers/enrollmentController.js:142:24)
2025-09-03T09:28:09.810Z - ERROR - CastError: Cast to ObjectId failed for value "my-status" (type string) at path "_id" for model "Enrollment"
    at SchemaObjectId.cast (/Users/macbookpro/Desktop/BayySaWaar/baysawarr/node_modules/mongoose/lib/schema/objectId.js:251:11)
    at SchemaType.applySetters (/Users/macbookpro/Desktop/BayySaWaar/baysawarr/node_modules/mongoose/lib/schemaType.js:1258:12)
    at SchemaType.castForQuery (/Users/macbookpro/Desktop/BayySaWaar/baysawarr/node_modules/mongoose/lib/schemaType.js:1694:17)
    at cast (/Users/macbookpro/Desktop/BayySaWaar/baysawarr/node_modules/mongoose/lib/cast.js:390:32)
    at Query.cast (/Users/macbookpro/Desktop/BayySaWaar/baysawarr/node_modules/mongoose/lib/query.js:5060:12)
    at Query._castConditions (/Users/macbookpro/Desktop/BayySaWaar/baysawarr/node_modules/mongoose/lib/query.js:2374:10)
    at model.Query._findOne (/Users/macbookpro/Desktop/BayySaWaar/baysawarr/node_modules/mongoose/lib/query.js:2697:8)
    at model.Query.exec (/Users/macbookpro/Desktop/BayySaWaar/baysawarr/node_modules/mongoose/lib/query.js:4627:80)
    at process.processTicksAndRejections (node:internal/process/task_queues:105:5)
    at async getEnrollmentById (file:///Users/macbookpro/Desktop/BayySaWaar/baysawarr/controllers/enrollmentController.js:142:24)
2025-09-03T09:33:05.805Z - ERROR - Error: Identifiants invalides
    at login (file:///Users/macbookpro/Desktop/BayySaWaar/baysawarr/controllers/authController.js:28:13)
    at process.processTicksAndRejections (node:internal/process/task_queues:105:5)
2025-09-03T09:38:01.150Z - ERROR - Error: Identifiants invalides
    at login (file:///Users/macbookpro/Desktop/BayySaWaar/baysawarr/controllers/authController.js:28:13)
    at process.processTicksAndRejections (node:internal/process/task_queues:105:5)
2025-09-03T09:38:13.434Z - ERROR - Error: Identifiants invalides
    at login (file:///Users/macbookpro/Desktop/BayySaWaar/baysawarr/controllers/authController.js:28:13)
    at process.processTicksAndRejections (node:internal/process/task_queues:105:5)
2025-09-03T11:30:29.105Z - ERROR - TokenExpiredError: jwt expired
    at /Users/macbookpro/Desktop/BayySaWaar/baysawarr/node_modules/jsonwebtoken/verify.js:190:21
    at getSecret (/Users/macbookpro/Desktop/BayySaWaar/baysawarr/node_modules/jsonwebtoken/verify.js:97:14)
    at module.exports [as verify] (/Users/macbookpro/Desktop/BayySaWaar/baysawarr/node_modules/jsonwebtoken/verify.js:101:10)
    at getMe (file:///Users/macbookpro/Desktop/BayySaWaar/baysawarr/controllers/authController.js:47:25)
    at Layer.handle [as handle_request] (/Users/macbookpro/Desktop/BayySaWaar/baysawarr/node_modules/express/lib/router/layer.js:95:5)
    at next (/Users/macbookpro/Desktop/BayySaWaar/baysawarr/node_modules/express/lib/router/route.js:149:13)
    at Route.dispatch (/Users/macbookpro/Desktop/BayySaWaar/baysawarr/node_modules/express/lib/router/route.js:119:3)
    at Layer.handle [as handle_request] (/Users/macbookpro/Desktop/BayySaWaar/baysawarr/node_modules/express/lib/router/layer.js:95:5)
    at /Users/macbookpro/Desktop/BayySaWaar/baysawarr/node_modules/express/lib/router/index.js:284:15
    at Function.process_params (/Users/macbookpro/Desktop/BayySaWaar/baysawarr/node_modules/express/lib/router/index.js:346:12)
2025-09-03T11:30:29.110Z - ERROR - TokenExpiredError: jwt expired
    at /Users/macbookpro/Desktop/BayySaWaar/baysawarr/node_modules/jsonwebtoken/verify.js:190:21
    at getSecret (/Users/macbookpro/Desktop/BayySaWaar/baysawarr/node_modules/jsonwebtoken/verify.js:97:14)
    at module.exports [as verify] (/Users/macbookpro/Desktop/BayySaWaar/baysawarr/node_modules/jsonwebtoken/verify.js:101:10)
    at getMe (file:///Users/macbookpro/Desktop/BayySaWaar/baysawarr/controllers/authController.js:47:25)
    at Layer.handle [as handle_request] (/Users/macbookpro/Desktop/BayySaWaar/baysawarr/node_modules/express/lib/router/layer.js:95:5)
    at next (/Users/macbookpro/Desktop/BayySaWaar/baysawarr/node_modules/express/lib/router/route.js:149:13)
    at Route.dispatch (/Users/macbookpro/Desktop/BayySaWaar/baysawarr/node_modules/express/lib/router/route.js:119:3)
    at Layer.handle [as handle_request] (/Users/macbookpro/Desktop/BayySaWaar/baysawarr/node_modules/express/lib/router/layer.js:95:5)
    at /Users/macbookpro/Desktop/BayySaWaar/baysawarr/node_modules/express/lib/router/index.js:284:15
    at Function.process_params (/Users/macbookpro/Desktop/BayySaWaar/baysawarr/node_modules/express/lib/router/index.js:346:12)
2025-09-04T10:50:40.122Z - ERROR - ValidationError: Product validation failed: stock: Path `stock` is required., price: Path `price` is required., description: Path `description` is required., name: Path `name` is required.
    at Document.invalidate (/Users/macbookpro/Desktop/BayySaWaar/baysawarr/node_modules/mongoose/lib/document.js:3358:32)
    at /Users/macbookpro/Desktop/BayySaWaar/baysawarr/node_modules/mongoose/lib/document.js:3119:17
    at /Users/macbookpro/Desktop/BayySaWaar/baysawarr/node_modules/mongoose/lib/schemaType.js:1416:9
    at process.processTicksAndRejections (node:internal/process/task_queues:85:11)
2025-09-04T10:50:40.136Z - ERROR - ValidationError: BlogPost validation failed: author: Path `author` is required., content: Path `content` is required., title: Path `title` is required.
    at Document.invalidate (/Users/macbookpro/Desktop/BayySaWaar/baysawarr/node_modules/mongoose/lib/document.js:3358:32)
    at /Users/macbookpro/Desktop/BayySaWaar/baysawarr/node_modules/mongoose/lib/document.js:3119:17
    at /Users/macbookpro/Desktop/BayySaWaar/baysawarr/node_modules/mongoose/lib/schemaType.js:1416:9
    at process.processTicksAndRejections (node:internal/process/task_queues:85:11)
2025-09-04T11:29:55.551Z - ERROR - ValidationError: Product validation failed: specifications: Cast to embedded failed for value "[]" (type string) at path "specifications" because of "ObjectParameterError"
    at Document.invalidate (/Users/macbookpro/Desktop/BayySaWaar/baysawarr/node_modules/mongoose/lib/document.js:3358:32)
    at model.$set (/Users/macbookpro/Desktop/BayySaWaar/baysawarr/node_modules/mongoose/lib/document.js:1480:12)
    at model.$set (/Users/macbookpro/Desktop/BayySaWaar/baysawarr/node_modules/mongoose/lib/document.js:1132:16)
    at model.Document (/Users/macbookpro/Desktop/BayySaWaar/baysawarr/node_modules/mongoose/lib/document.js:178:12)
    at model.Model (/Users/macbookpro/Desktop/BayySaWaar/baysawarr/node_modules/mongoose/lib/model.js:127:12)
    at new model (/Users/macbookpro/Desktop/BayySaWaar/baysawarr/node_modules/mongoose/lib/model.js:4834:15)
    at createProduct (file:///Users/macbookpro/Desktop/BayySaWaar/baysawarr/controllers/productController.js:42:21)
    at Layer.handle [as handle_request] (/Users/macbookpro/Desktop/BayySaWaar/baysawarr/node_modules/express/lib/router/layer.js:95:5)
    at next (/Users/macbookpro/Desktop/BayySaWaar/baysawarr/node_modules/express/lib/router/route.js:149:13)
    at Layer.handle [as handle_request] (/Users/macbookpro/Desktop/BayySaWaar/baysawarr/node_modules/express/lib/router/layer.js:91:12)
2025-09-04T11:30:27.699Z - ERROR - ValidationError: Product validation failed: specifications: Cast to embedded failed for value "[]" (type string) at path "specifications" because of "ObjectParameterError"
    at Document.invalidate (/Users/macbookpro/Desktop/BayySaWaar/baysawarr/node_modules/mongoose/lib/document.js:3358:32)
    at model.$set (/Users/macbookpro/Desktop/BayySaWaar/baysawarr/node_modules/mongoose/lib/document.js:1480:12)
    at model.$set (/Users/macbookpro/Desktop/BayySaWaar/baysawarr/node_modules/mongoose/lib/document.js:1132:16)
    at model.Document (/Users/macbookpro/Desktop/BayySaWaar/baysawarr/node_modules/mongoose/lib/document.js:178:12)
    at model.Model (/Users/macbookpro/Desktop/BayySaWaar/baysawarr/node_modules/mongoose/lib/model.js:127:12)
    at new model (/Users/macbookpro/Desktop/BayySaWaar/baysawarr/node_modules/mongoose/lib/model.js:4834:15)
    at createProduct (file:///Users/macbookpro/Desktop/BayySaWaar/baysawarr/controllers/productController.js:42:21)
    at Layer.handle [as handle_request] (/Users/macbookpro/Desktop/BayySaWaar/baysawarr/node_modules/express/lib/router/layer.js:95:5)
    at next (/Users/macbookpro/Desktop/BayySaWaar/baysawarr/node_modules/express/lib/router/route.js:149:13)
    at Layer.handle [as handle_request] (/Users/macbookpro/Desktop/BayySaWaar/baysawarr/node_modules/express/lib/router/layer.js:91:12)
2025-09-04T11:31:35.200Z - ERROR - ValidationError: Product validation failed: specifications: Cast to embedded failed for value "[]" (type string) at path "specifications" because of "ObjectParameterError"
    at Document.invalidate (/Users/macbookpro/Desktop/BayySaWaar/baysawarr/node_modules/mongoose/lib/document.js:3358:32)
    at model.$set (/Users/macbookpro/Desktop/BayySaWaar/baysawarr/node_modules/mongoose/lib/document.js:1480:12)
    at model.$set (/Users/macbookpro/Desktop/BayySaWaar/baysawarr/node_modules/mongoose/lib/document.js:1132:16)
    at model.Document (/Users/macbookpro/Desktop/BayySaWaar/baysawarr/node_modules/mongoose/lib/document.js:178:12)
    at model.Model (/Users/macbookpro/Desktop/BayySaWaar/baysawarr/node_modules/mongoose/lib/model.js:127:12)
    at new model (/Users/macbookpro/Desktop/BayySaWaar/baysawarr/node_modules/mongoose/lib/model.js:4834:15)
    at createProduct (file:///Users/macbookpro/Desktop/BayySaWaar/baysawarr/controllers/productController.js:42:21)
    at Layer.handle [as handle_request] (/Users/macbookpro/Desktop/BayySaWaar/baysawarr/node_modules/express/lib/router/layer.js:95:5)
    at next (/Users/macbookpro/Desktop/BayySaWaar/baysawarr/node_modules/express/lib/router/route.js:149:13)
    at Layer.handle [as handle_request] (/Users/macbookpro/Desktop/BayySaWaar/baysawarr/node_modules/express/lib/router/layer.js:91:12)
2025-09-04T11:39:55.501Z - ERROR - undefined
2025-09-04T11:57:25.611Z - ERROR - MongoServerError: E11000 duplicate key error collection: test.blogposts index: slug_1 dup key: { slug: null }
    at InsertOneOperation.execute (/Users/macbookpro/Desktop/BayySaWaar/baysawarr/node_modules/mongodb/lib/operations/insert.js:51:19)
    at process.processTicksAndRejections (node:internal/process/task_queues:105:5)
    at async tryOperation (/Users/macbookpro/Desktop/BayySaWaar/baysawarr/node_modules/mongodb/lib/operations/execute_operation.js:207:20)
    at async executeOperation (/Users/macbookpro/Desktop/BayySaWaar/baysawarr/node_modules/mongodb/lib/operations/execute_operation.js:75:16)
    at async Collection.insertOne (/Users/macbookpro/Desktop/BayySaWaar/baysawarr/node_modules/mongodb/lib/collection.js:157:16)
2025-09-04T11:57:49.501Z - ERROR - MongoServerError: E11000 duplicate key error collection: test.blogposts index: slug_1 dup key: { slug: null }
    at InsertOneOperation.execute (/Users/macbookpro/Desktop/BayySaWaar/baysawarr/node_modules/mongodb/lib/operations/insert.js:51:19)
    at process.processTicksAndRejections (node:internal/process/task_queues:105:5)
    at async tryOperation (/Users/macbookpro/Desktop/BayySaWaar/baysawarr/node_modules/mongodb/lib/operations/execute_operation.js:207:20)
    at async executeOperation (/Users/macbookpro/Desktop/BayySaWaar/baysawarr/node_modules/mongodb/lib/operations/execute_operation.js:75:16)
    at async Collection.insertOne (/Users/macbookpro/Desktop/BayySaWaar/baysawarr/node_modules/mongodb/lib/collection.js:157:16)
2025-09-04T11:58:34.400Z - ERROR - MongoServerError: E11000 duplicate key error collection: test.blogposts index: slug_1 dup key: { slug: null }
    at InsertOneOperation.execute (/Users/macbookpro/Desktop/BayySaWaar/baysawarr/node_modules/mongodb/lib/operations/insert.js:51:19)
    at process.processTicksAndRejections (node:internal/process/task_queues:105:5)
    at async tryOperation (/Users/macbookpro/Desktop/BayySaWaar/baysawarr/node_modules/mongodb/lib/operations/execute_operation.js:207:20)
    at async executeOperation (/Users/macbookpro/Desktop/BayySaWaar/baysawarr/node_modules/mongodb/lib/operations/execute_operation.js:75:16)
    at async Collection.insertOne (/Users/macbookpro/Desktop/BayySaWaar/baysawarr/node_modules/mongodb/lib/collection.js:157:16)
2025-09-04T11:59:06.131Z - ERROR - MongoServerError: E11000 duplicate key error collection: test.blogposts index: slug_1 dup key: { slug: null }
    at InsertOneOperation.execute (/Users/macbookpro/Desktop/BayySaWaar/baysawarr/node_modules/mongodb/lib/operations/insert.js:51:19)
    at process.processTicksAndRejections (node:internal/process/task_queues:105:5)
    at async tryOperation (/Users/macbookpro/Desktop/BayySaWaar/baysawarr/node_modules/mongodb/lib/operations/execute_operation.js:207:20)
    at async executeOperation (/Users/macbookpro/Desktop/BayySaWaar/baysawarr/node_modules/mongodb/lib/operations/execute_operation.js:75:16)
    at async Collection.insertOne (/Users/macbookpro/Desktop/BayySaWaar/baysawarr/node_modules/mongodb/lib/collection.js:157:16)
2025-09-04T11:59:35.978Z - ERROR - MongoServerError: E11000 duplicate key error collection: test.blogposts index: slug_1 dup key: { slug: null }
    at InsertOneOperation.execute (/Users/macbookpro/Desktop/BayySaWaar/baysawarr/node_modules/mongodb/lib/operations/insert.js:51:19)
    at process.processTicksAndRejections (node:internal/process/task_queues:105:5)
    at async tryOperation (/Users/macbookpro/Desktop/BayySaWaar/baysawarr/node_modules/mongodb/lib/operations/execute_operation.js:207:20)
    at async executeOperation (/Users/macbookpro/Desktop/BayySaWaar/baysawarr/node_modules/mongodb/lib/operations/execute_operation.js:75:16)
    at async Collection.insertOne (/Users/macbookpro/Desktop/BayySaWaar/baysawarr/node_modules/mongodb/lib/collection.js:157:16)
2025-09-04T12:34:23.055Z - ERROR - TokenExpiredError: jwt expired
    at /Users/macbookpro/Desktop/BayySaWaar/baysawarr/node_modules/jsonwebtoken/verify.js:190:21
    at getSecret (/Users/macbookpro/Desktop/BayySaWaar/baysawarr/node_modules/jsonwebtoken/verify.js:97:14)
    at module.exports [as verify] (/Users/macbookpro/Desktop/BayySaWaar/baysawarr/node_modules/jsonwebtoken/verify.js:101:10)
    at getMe (file:///Users/macbookpro/Desktop/BayySaWaar/baysawarr/controllers/authController.js:47:25)
    at Layer.handle [as handle_request] (/Users/macbookpro/Desktop/BayySaWaar/baysawarr/node_modules/express/lib/router/layer.js:95:5)
    at next (/Users/macbookpro/Desktop/BayySaWaar/baysawarr/node_modules/express/lib/router/route.js:149:13)
    at Route.dispatch (/Users/macbookpro/Desktop/BayySaWaar/baysawarr/node_modules/express/lib/router/route.js:119:3)
    at Layer.handle [as handle_request] (/Users/macbookpro/Desktop/BayySaWaar/baysawarr/node_modules/express/lib/router/layer.js:95:5)
    at /Users/macbookpro/Desktop/BayySaWaar/baysawarr/node_modules/express/lib/router/index.js:284:15
    at Function.process_params (/Users/macbookpro/Desktop/BayySaWaar/baysawarr/node_modules/express/lib/router/index.js:346:12)
2025-09-04T12:34:23.088Z - ERROR - TokenExpiredError: jwt expired
    at /Users/macbookpro/Desktop/BayySaWaar/baysawarr/node_modules/jsonwebtoken/verify.js:190:21
    at getSecret (/Users/macbookpro/Desktop/BayySaWaar/baysawarr/node_modules/jsonwebtoken/verify.js:97:14)
    at module.exports [as verify] (/Users/macbookpro/Desktop/BayySaWaar/baysawarr/node_modules/jsonwebtoken/verify.js:101:10)
    at getMe (file:///Users/macbookpro/Desktop/BayySaWaar/baysawarr/controllers/authController.js:47:25)
    at Layer.handle [as handle_request] (/Users/macbookpro/Desktop/BayySaWaar/baysawarr/node_modules/express/lib/router/layer.js:95:5)
    at next (/Users/macbookpro/Desktop/BayySaWaar/baysawarr/node_modules/express/lib/router/route.js:149:13)
    at Route.dispatch (/Users/macbookpro/Desktop/BayySaWaar/baysawarr/node_modules/express/lib/router/route.js:119:3)
    at Layer.handle [as handle_request] (/Users/macbookpro/Desktop/BayySaWaar/baysawarr/node_modules/express/lib/router/layer.js:95:5)
    at /Users/macbookpro/Desktop/BayySaWaar/baysawarr/node_modules/express/lib/router/index.js:284:15
    at Function.process_params (/Users/macbookpro/Desktop/BayySaWaar/baysawarr/node_modules/express/lib/router/index.js:346:12)
2025-09-04T17:40:03.647Z - ERROR - TokenExpiredError: jwt expired
    at /Users/macbookpro/Desktop/BayySaWaar/baysawarr/node_modules/jsonwebtoken/verify.js:190:21
    at getSecret (/Users/macbookpro/Desktop/BayySaWaar/baysawarr/node_modules/jsonwebtoken/verify.js:97:14)
    at module.exports [as verify] (/Users/macbookpro/Desktop/BayySaWaar/baysawarr/node_modules/jsonwebtoken/verify.js:101:10)
    at getMe (file:///Users/macbookpro/Desktop/BayySaWaar/baysawarr/controllers/authController.js:47:25)
    at Layer.handle [as handle_request] (/Users/macbookpro/Desktop/BayySaWaar/baysawarr/node_modules/express/lib/router/layer.js:95:5)
    at next (/Users/macbookpro/Desktop/BayySaWaar/baysawarr/node_modules/express/lib/router/route.js:149:13)
    at Route.dispatch (/Users/macbookpro/Desktop/BayySaWaar/baysawarr/node_modules/express/lib/router/route.js:119:3)
    at Layer.handle [as handle_request] (/Users/macbookpro/Desktop/BayySaWaar/baysawarr/node_modules/express/lib/router/layer.js:95:5)
    at /Users/macbookpro/Desktop/BayySaWaar/baysawarr/node_modules/express/lib/router/index.js:284:15
    at Function.process_params (/Users/macbookpro/Desktop/BayySaWaar/baysawarr/node_modules/express/lib/router/index.js:346:12)
2025-09-04T17:40:03.663Z - ERROR - TokenExpiredError: jwt expired
    at /Users/macbookpro/Desktop/BayySaWaar/baysawarr/node_modules/jsonwebtoken/verify.js:190:21
    at getSecret (/Users/macbookpro/Desktop/BayySaWaar/baysawarr/node_modules/jsonwebtoken/verify.js:97:14)
    at module.exports [as verify] (/Users/macbookpro/Desktop/BayySaWaar/baysawarr/node_modules/jsonwebtoken/verify.js:101:10)
    at getMe (file:///Users/macbookpro/Desktop/BayySaWaar/baysawarr/controllers/authController.js:47:25)
    at Layer.handle [as handle_request] (/Users/macbookpro/Desktop/BayySaWaar/baysawarr/node_modules/express/lib/router/layer.js:95:5)
    at next (/Users/macbookpro/Desktop/BayySaWaar/baysawarr/node_modules/express/lib/router/route.js:149:13)
    at Route.dispatch (/Users/macbookpro/Desktop/BayySaWaar/baysawarr/node_modules/express/lib/router/route.js:119:3)
    at Layer.handle [as handle_request] (/Users/macbookpro/Desktop/BayySaWaar/baysawarr/node_modules/express/lib/router/layer.js:95:5)
    at /Users/macbookpro/Desktop/BayySaWaar/baysawarr/node_modules/express/lib/router/index.js:284:15
    at Function.process_params (/Users/macbookpro/Desktop/BayySaWaar/baysawarr/node_modules/express/lib/router/index.js:346:12)
2025-09-04T19:02:51.236Z - ERROR - MongooseError: Operation `users.findOne()` buffering timed out after 10000ms
    at Timeout.<anonymous> (/Users/macbookpro/Desktop/BayySaWaar/baysawarr/node_modules/mongoose/lib/drivers/node-mongodb-native/collection.js:187:23)
    at listOnTimeout (node:internal/timers:594:17)
    at process.processTimers (node:internal/timers:529:7)
2025-09-04T19:05:46.660Z - ERROR - MongooseError: Operation `users.findOne()` buffering timed out after 10000ms
    at Timeout.<anonymous> (/Users/macbookpro/Desktop/BayySaWaar/baysawarr/node_modules/mongoose/lib/drivers/node-mongodb-native/collection.js:187:23)
    at listOnTimeout (node:internal/timers:594:17)
    at process.processTimers (node:internal/timers:529:7)
2025-09-04T19:07:38.125Z - ERROR - MongooseError: Operation `users.findOne()` buffering timed out after 10000ms
    at Timeout.<anonymous> (/Users/macbookpro/Desktop/BayySaWaar/baysawarr/node_modules/mongoose/lib/drivers/node-mongodb-native/collection.js:187:23)
    at listOnTimeout (node:internal/timers:594:17)
    at process.processTimers (node:internal/timers:529:7)
2025-09-05T00:48:09.894Z - ERROR - Error: aborted
    at abortIncoming (node:_http_server:809:17)
    at socketOnClose (node:_http_server:803:3)
    at Socket.emit (node:events:530:35)
    at TCP.<anonymous> (node:net:351:12)
2025-09-05T00:50:01.171Z - ERROR - ValidationError: Product validation failed: specifications: Parameter "obj" to Document() must be an object, got "" (type string)
    at Document.invalidate (/Users/macbookpro/Desktop/BayySaWaar/baysawarr/node_modules/mongoose/lib/document.js:3358:32)
    at /Users/macbookpro/Desktop/BayySaWaar/baysawarr/node_modules/mongoose/lib/document.js:3119:17
    at SchemaDocumentArray.doValidate (/Users/macbookpro/Desktop/BayySaWaar/baysawarr/node_modules/mongoose/lib/schema/documentArray.js:247:12)
    at /Users/macbookpro/Desktop/BayySaWaar/baysawarr/node_modules/mongoose/lib/document.js:3111:18
    at process.processTicksAndRejections (node:internal/process/task_queues:85:11)
2025-09-08T08:55:06.203Z - ERROR - Error: Déjà abonné
    at subscribeNewsletter (file:///Users/macbookpro/Desktop/BayySaWaar/baysawarr/controllers/contactController.js:21:25)
    at process.processTicksAndRejections (node:internal/process/task_queues:105:5)
2025-09-08T08:55:59.092Z - ERROR - Error: Déjà abonné
    at subscribeNewsletter (file:///Users/macbookpro/Desktop/BayySaWaar/baysawarr/controllers/contactController.js:21:25)
    at process.processTicksAndRejections (node:internal/process/task_queues:105:5)
2025-09-08T08:56:35.530Z - ERROR - Error: Déjà abonné
    at subscribeNewsletter (file:///Users/macbookpro/Desktop/BayySaWaar/baysawarr/controllers/contactController.js:21:25)
    at process.processTicksAndRejections (node:internal/process/task_queues:105:5)
2025-09-08T09:01:36.162Z - ERROR - Error: Déjà abonné
    at subscribeNewsletter (file:///Users/macbookpro/Desktop/BayySaWaar/baysawarr/controllers/contactController.js:21:25)
    at process.processTicksAndRejections (node:internal/process/task_queues:105:5)
2025-09-08T09:05:23.322Z - ERROR - Error: Déjà abonné
    at subscribeNewsletter (file:///Users/macbookpro/Desktop/BayySaWaar/baysawarr/controllers/contactController.js:21:25)
    at process.processTicksAndRejections (node:internal/process/task_queues:105:5)
2025-09-08T09:05:55.033Z - ERROR - Error: Déjà abonné
    at subscribeNewsletter (file:///Users/macbookpro/Desktop/BayySaWaar/baysawarr/controllers/contactController.js:21:25)
    at process.processTicksAndRejections (node:internal/process/task_queues:105:5)
2025-09-08T09:06:55.250Z - ERROR - Error: Déjà abonné
    at subscribeNewsletter (file:///Users/macbookpro/Desktop/BayySaWaar/baysawarr/controllers/contactController.js:21:25)
    at process.processTicksAndRejections (node:internal/process/task_queues:105:5)
2025-09-08T09:07:17.900Z - ERROR - Error: Déjà abonné
    at subscribeNewsletter (file:///Users/macbookpro/Desktop/BayySaWaar/baysawarr/controllers/contactController.js:21:25)
    at process.processTicksAndRejections (node:internal/process/task_queues:105:5)
2025-09-10T17:35:27.611Z - ERROR - TokenExpiredError: jwt expired
    at /Users/macbookpro/Desktop/BayySaWaar/baysawarr/node_modules/jsonwebtoken/verify.js:190:21
    at getSecret (/Users/macbookpro/Desktop/BayySaWaar/baysawarr/node_modules/jsonwebtoken/verify.js:97:14)
    at module.exports [as verify] (/Users/macbookpro/Desktop/BayySaWaar/baysawarr/node_modules/jsonwebtoken/verify.js:101:10)
    at getMe (file:///Users/macbookpro/Desktop/BayySaWaar/baysawarr/controllers/authController.js:47:25)
    at Layer.handle [as handle_request] (/Users/macbookpro/Desktop/BayySaWaar/baysawarr/node_modules/express/lib/router/layer.js:95:5)
    at next (/Users/macbookpro/Desktop/BayySaWaar/baysawarr/node_modules/express/lib/router/route.js:149:13)
    at Route.dispatch (/Users/macbookpro/Desktop/BayySaWaar/baysawarr/node_modules/express/lib/router/route.js:119:3)
    at Layer.handle [as handle_request] (/Users/macbookpro/Desktop/BayySaWaar/baysawarr/node_modules/express/lib/router/layer.js:95:5)
    at /Users/macbookpro/Desktop/BayySaWaar/baysawarr/node_modules/express/lib/router/index.js:284:15
    at Function.process_params (/Users/macbookpro/Desktop/BayySaWaar/baysawarr/node_modules/express/lib/router/index.js:346:12)
2025-09-10T17:35:27.682Z - ERROR - TokenExpiredError: jwt expired
    at /Users/macbookpro/Desktop/BayySaWaar/baysawarr/node_modules/jsonwebtoken/verify.js:190:21
    at getSecret (/Users/macbookpro/Desktop/BayySaWaar/baysawarr/node_modules/jsonwebtoken/verify.js:97:14)
    at module.exports [as verify] (/Users/macbookpro/Desktop/BayySaWaar/baysawarr/node_modules/jsonwebtoken/verify.js:101:10)
    at getMe (file:///Users/macbookpro/Desktop/BayySaWaar/baysawarr/controllers/authController.js:47:25)
    at Layer.handle [as handle_request] (/Users/macbookpro/Desktop/BayySaWaar/baysawarr/node_modules/express/lib/router/layer.js:95:5)
    at next (/Users/macbookpro/Desktop/BayySaWaar/baysawarr/node_modules/express/lib/router/route.js:149:13)
    at Route.dispatch (/Users/macbookpro/Desktop/BayySaWaar/baysawarr/node_modules/express/lib/router/route.js:119:3)
    at Layer.handle [as handle_request] (/Users/macbookpro/Desktop/BayySaWaar/baysawarr/node_modules/express/lib/router/layer.js:95:5)
    at /Users/macbookpro/Desktop/BayySaWaar/baysawarr/node_modules/express/lib/router/index.js:284:15
    at Function.process_params (/Users/macbookpro/Desktop/BayySaWaar/baysawarr/node_modules/express/lib/router/index.js:346:12)
